mode: set
github.com/short-d/short/backend/app/usecase/shortlink/creator.go:17.39,19.2 1 0
github.com/short-d/short/backend/app/usecase/shortlink/creator.go:27.44,29.2 1 0
github.com/short-d/short/backend/app/usecase/shortlink/creator.go:37.47,39.2 1 0
github.com/short-d/short/backend/app/usecase/shortlink/creator.go:44.46,46.2 1 0
github.com/short-d/short/backend/app/usecase/shortlink/creator.go:67.149,70.14 3 1
github.com/short-d/short/backend/app/usecase/shortlink/creator.go:74.2,74.45 1 1
github.com/short-d/short/backend/app/usecase/shortlink/creator.go:78.2,78.37 1 1
github.com/short-d/short/backend/app/usecase/shortlink/creator.go:82.2,83.14 2 1
github.com/short-d/short/backend/app/usecase/shortlink/creator.go:86.2,86.72 1 1
github.com/short-d/short/backend/app/usecase/shortlink/creator.go:70.14,72.3 1 0
github.com/short-d/short/backend/app/usecase/shortlink/creator.go:74.45,76.3 1 0
github.com/short-d/short/backend/app/usecase/shortlink/creator.go:78.37,80.3 1 1
github.com/short-d/short/backend/app/usecase/shortlink/creator.go:83.14,85.3 1 1
github.com/short-d/short/backend/app/usecase/shortlink/creator.go:89.67,91.2 1 1
github.com/short-d/short/backend/app/usecase/shortlink/creator.go:93.126,95.16 2 1
github.com/short-d/short/backend/app/usecase/shortlink/creator.go:98.2,99.71 2 1
github.com/short-d/short/backend/app/usecase/shortlink/creator.go:95.16,97.3 1 1
github.com/short-d/short/backend/app/usecase/shortlink/creator.go:102.142,106.16 3 1
github.com/short-d/short/backend/app/usecase/shortlink/creator.go:110.2,110.13 1 1
github.com/short-d/short/backend/app/usecase/shortlink/creator.go:114.2,118.16 4 1
github.com/short-d/short/backend/app/usecase/shortlink/creator.go:122.2,123.23 2 1
github.com/short-d/short/backend/app/usecase/shortlink/creator.go:106.16,108.3 1 0
github.com/short-d/short/backend/app/usecase/shortlink/creator.go:110.13,112.3 1 1
github.com/short-d/short/backend/app/usecase/shortlink/creator.go:118.16,120.3 1 0
github.com/short-d/short/backend/app/usecase/shortlink/creator.go:135.18,145.2 1 1
github.com/short-d/short/backend/app/usecase/shortlink/metatag.go:28.83,30.16 2 1
github.com/short-d/short/backend/app/usecase/shortlink/metatag.go:34.2,34.42 1 1
github.com/short-d/short/backend/app/usecase/shortlink/metatag.go:39.2,39.48 1 1
github.com/short-d/short/backend/app/usecase/shortlink/metatag.go:44.2,44.45 1 1
github.com/short-d/short/backend/app/usecase/shortlink/metatag.go:49.2,49.37 1 1
github.com/short-d/short/backend/app/usecase/shortlink/metatag.go:30.16,32.3 1 0
github.com/short-d/short/backend/app/usecase/shortlink/metatag.go:34.42,37.3 2 1
github.com/short-d/short/backend/app/usecase/shortlink/metatag.go:39.48,42.3 2 1
github.com/short-d/short/backend/app/usecase/shortlink/metatag.go:44.45,47.3 2 1
github.com/short-d/short/backend/app/usecase/shortlink/metatag.go:53.79,55.16 2 1
github.com/short-d/short/backend/app/usecase/shortlink/metatag.go:59.2,59.40 1 1
github.com/short-d/short/backend/app/usecase/shortlink/metatag.go:64.2,64.46 1 1
github.com/short-d/short/backend/app/usecase/shortlink/metatag.go:69.2,69.43 1 1
github.com/short-d/short/backend/app/usecase/shortlink/metatag.go:74.2,74.35 1 1
github.com/short-d/short/backend/app/usecase/shortlink/metatag.go:55.16,57.3 1 0
github.com/short-d/short/backend/app/usecase/shortlink/metatag.go:59.40,62.3 2 1
github.com/short-d/short/backend/app/usecase/shortlink/metatag.go:64.46,67.3 2 1
github.com/short-d/short/backend/app/usecase/shortlink/metatag.go:69.43,72.3 2 1
github.com/short-d/short/backend/app/usecase/shortlink/metatag.go:78.75,80.2 1 1
github.com/short-d/short/backend/app/usecase/shortlink/retriever.go:27.103,28.23 1 1
github.com/short-d/short/backend/app/usecase/shortlink/retriever.go:31.2,31.54 1 1
github.com/short-d/short/backend/app/usecase/shortlink/retriever.go:28.23,30.3 1 0
github.com/short-d/short/backend/app/usecase/shortlink/retriever.go:34.113,36.16 2 1
github.com/short-d/short/backend/app/usecase/shortlink/retriever.go:40.2,40.31 1 1
github.com/short-d/short/backend/app/usecase/shortlink/retriever.go:44.2,44.43 1 1
github.com/short-d/short/backend/app/usecase/shortlink/retriever.go:48.2,48.23 1 1
github.com/short-d/short/backend/app/usecase/shortlink/retriever.go:36.16,38.3 1 1
github.com/short-d/short/backend/app/usecase/shortlink/retriever.go:40.31,42.3 1 1
github.com/short-d/short/backend/app/usecase/shortlink/retriever.go:44.43,46.3 1 1
github.com/short-d/short/backend/app/usecase/shortlink/retriever.go:51.80,53.16 2 1
github.com/short-d/short/backend/app/usecase/shortlink/retriever.go:57.2,57.23 1 1
github.com/short-d/short/backend/app/usecase/shortlink/retriever.go:53.16,55.3 1 1
github.com/short-d/short/backend/app/usecase/shortlink/retriever.go:61.93,63.16 2 1
github.com/short-d/short/backend/app/usecase/shortlink/retriever.go:67.2,67.56 1 1
github.com/short-d/short/backend/app/usecase/shortlink/retriever.go:63.16,65.3 1 0
github.com/short-d/short/backend/app/usecase/shortlink/retriever.go:71.123,76.2 1 1
github.com/short-d/short/backend/app/usecase/shortlink/updater.go:38.29,40.16 2 1
github.com/short-d/short/backend/app/usecase/shortlink/updater.go:43.2,43.17 1 1
github.com/short-d/short/backend/app/usecase/shortlink/updater.go:47.2,48.16 2 1
github.com/short-d/short/backend/app/usecase/shortlink/updater.go:51.2,51.16 1 1
github.com/short-d/short/backend/app/usecase/shortlink/updater.go:55.2,56.16 2 1
github.com/short-d/short/backend/app/usecase/shortlink/updater.go:60.2,64.14 4 1
github.com/short-d/short/backend/app/usecase/shortlink/updater.go:68.2,69.14 2 1
github.com/short-d/short/backend/app/usecase/shortlink/updater.go:73.2,73.55 1 1
github.com/short-d/short/backend/app/usecase/shortlink/updater.go:77.2,80.61 3 1
github.com/short-d/short/backend/app/usecase/shortlink/updater.go:40.16,42.3 1 0
github.com/short-d/short/backend/app/usecase/shortlink/updater.go:43.17,45.3 1 1
github.com/short-d/short/backend/app/usecase/shortlink/updater.go:48.16,50.3 1 0
github.com/short-d/short/backend/app/usecase/shortlink/updater.go:51.16,53.3 1 1
github.com/short-d/short/backend/app/usecase/shortlink/updater.go:56.16,58.3 1 0
github.com/short-d/short/backend/app/usecase/shortlink/updater.go:64.14,66.3 1 1
github.com/short-d/short/backend/app/usecase/shortlink/updater.go:69.14,71.3 1 1
github.com/short-d/short/backend/app/usecase/shortlink/updater.go:73.55,75.3 1 1
github.com/short-d/short/backend/app/usecase/shortlink/updater.go:83.90,85.20 2 1
github.com/short-d/short/backend/app/usecase/shortlink/updater.go:88.2,88.18 1 1
github.com/short-d/short/backend/app/usecase/shortlink/updater.go:85.20,87.3 1 1
github.com/short-d/short/backend/app/usecase/shortlink/updater.go:91.94,93.23 2 1
github.com/short-d/short/backend/app/usecase/shortlink/updater.go:96.2,96.18 1 1
github.com/short-d/short/backend/app/usecase/shortlink/updater.go:93.23,95.3 1 1
github.com/short-d/short/backend/app/usecase/shortlink/updater.go:107.18,116.2 1 1
